# JRE version: OpenJDK Runtime Environment (8.0_151-b12) (build 1.8.0_151-b12)
# Java VM: OpenJDK 64-Bit Server VM (25.151-b12 mixed mode linux-amd64 compressed oops)
Heap:
 PSYoungGen      total 623104K, used 79401K [0x00000000d6f80000, 0x0000000100000000, 0x0000000100000000)
  eden space 586752K, 13% used [0x00000000d6f80000,0x00000000dbd0a568,0x00000000fac80000)
  from space 36352K, 0% used [0x00000000fac80000,0x00000000fac80000,0x00000000fd000000)
  to   space 34304K, 0% used [0x00000000fde80000,0x00000000fde80000,0x0000000100000000)
 ParOldGen       total 126464K, used 82139K [0x0000000084e00000, 0x000000008c980000, 0x00000000d6f80000)
  object space 126464K, 64% used [0x0000000084e00000,0x0000000089e36f88,0x000000008c980000)
 Metaspace       used 87987K, capacity 89274K, committed 89344K, reserved 1128448K
  class space    used 10703K, capacity 10992K, committed 11008K, reserved 1048576K
GC Heap History (10 events):
Event: 15.000 GC heap before
{Heap before GC invocations=17 (full 3):
 PSYoungGen      total 416768K, used 400896K [0x00000000d6f80000, 0x00000000f8f00000, 0x0000000100000000)
  eden space 400896K, 100% used [0x00000000d6f80000,0x00000000ef700000,0x00000000ef700000)
  from space 15872K, 0% used [0x00000000ef700000,0x00000000ef700000,0x00000000f0680000)
  to   space 21504K, 0% used [0x00000000f7a00000,0x00000000f7a00000,0x00000000f8f00000)
 ParOldGen       total 126464K, used 42038K [0x0000000084e00000, 0x000000008c980000, 0x00000000d6f80000)
  object space 126464K, 33% used [0x0000000084e00000,0x000000008770da90,0x000000008c980000)
 Metaspace       used 66852K, capacity 67390K, committed 68096K, reserved 1107968K
  class space    used 8483K, capacity 8631K, committed 8704K, reserved 1048576K
Event: 15.045 GC heap after
Heap after GC invocations=17 (full 3):
 PSYoungGen      total 510976K, used 21495K [0x00000000d6f80000, 0x00000000f8f00000, 0x0000000100000000)
  eden space 489472K, 0% used [0x00000000d6f80000,0x00000000d6f80000,0x00000000f4d80000)
  from space 21504K, 99% used [0x00000000f7a00000,0x00000000f8efdce8,0x00000000f8f00000)
  to   space 26112K, 0% used [0x00000000f5c00000,0x00000000f5c00000,0x00000000f7580000)
 ParOldGen       total 126464K, used 45431K [0x0000000084e00000, 0x000000008c980000, 0x00000000d6f80000)
  object space 126464K, 35% used [0x0000000084e00000,0x0000000087a5df18,0x000000008c980000)
 Metaspace       used 66852K, capacity 67390K, committed 68096K, reserved 1107968K
  class space    used 8483K, capacity 8631K, committed 8704K, reserved 1048576K
}
Event: 18.243 GC heap before
{Heap before GC invocations=18 (full 3):
 PSYoungGen      total 510976K, used 510967K [0x00000000d6f80000, 0x00000000f8f00000, 0x0000000100000000)
  eden space 489472K, 100% used [0x00000000d6f80000,0x00000000f4d80000,0x00000000f4d80000)
  from space 21504K, 99% used [0x00000000f7a00000,0x00000000f8efdce8,0x00000000f8f00000)
  to   space 26112K, 0% used [0x00000000f5c00000,0x00000000f5c00000,0x00000000f7580000)
 ParOldGen       total 126464K, used 45431K [0x0000000084e00000, 0x000000008c980000, 0x00000000d6f80000)
  object space 126464K, 35% used [0x0000000084e00000,0x0000000087a5df18,0x000000008c980000)
 Metaspace       used 74127K, capacity 74776K, committed 75264K, reserved 1116160K
  class space    used 9200K, capacity 9382K, committed 9472K, reserved 1048576K
Event: 18.296 GC heap after
Heap after GC invocations=18 (full 3):
 PSYoungGen      total 530432K, used 24088K [0x00000000d6f80000, 0x00000000fed00000, 0x0000000100000000)
  eden space 504320K, 0% used [0x00000000d6f80000,0x00000000d6f80000,0x00000000f5c00000)
  from space 26112K, 92% used [0x00000000f5c00000,0x00000000f73861d0,0x00000000f7580000)
  to   space 29696K, 0% used [0x00000000fd000000,0x00000000fd000000,0x00000000fed00000)
 ParOldGen       total 126464K, used 65125K [0x0000000084e00000, 0x000000008c980000, 0x00000000d6f80000)
  object space 126464K, 51% used [0x0000000084e00000,0x0000000088d99650,0x000000008c980000)
 Metaspace       used 74127K, capacity 74776K, committed 75264K, reserved 1116160K
  class space    used 9200K, capacity 9382K, committed 9472K, reserved 1048576K
}
Event: 20.657 GC heap before
{Heap before GC invocations=19 (full 3):
 PSYoungGen      total 530432K, used 528408K [0x00000000d6f80000, 0x00000000fed00000, 0x0000000100000000)
  eden space 504320K, 100% used [0x00000000d6f80000,0x00000000f5c00000,0x00000000f5c00000)
  from space 26112K, 92% used [0x00000000f5c00000,0x00000000f73861d0,0x00000000f7580000)
  to   space 29696K, 0% used [0x00000000fd000000,0x00000000fd000000,0x00000000fed00000)
 ParOldGen       total 126464K, used 65125K [0x0000000084e00000, 0x000000008c980000, 0x00000000d6f80000)
  object space 126464K, 51% used [0x0000000084e00000,0x0000000088d99650,0x000000008c980000)
 Metaspace       used 80244K, capacity 81114K, committed 81664K, reserved 1120256K
  class space    used 9921K, capacity 10123K, committed 10240K, reserved 1048576K
Event: 20.694 GC heap after
Heap after GC invocations=19 (full 3):
 PSYoungGen      total 616448K, used 29664K [0x00000000d6f80000, 0x0000000100000000, 0x0000000100000000)
  eden space 586752K, 0% used [0x00000000d6f80000,0x00000000d6f80000,0x00000000fac80000)
  from space 29696K, 99% used [0x00000000fd000000,0x00000000fecf8040,0x00000000fed00000)
  to   space 36352K, 0% used [0x00000000fac80000,0x00000000fac80000,0x00000000fd000000)
 ParOldGen       total 126464K, used 70003K [0x0000000084e00000, 0x000000008c980000, 0x00000000d6f80000)
  object space 126464K, 55% used [0x0000000084e00000,0x000000008925ce80,0x000000008c980000)
 Metaspace       used 80244K, capacity 81114K, committed 81664K, reserved 1120256K
  class space    used 9921K, capacity 10123K, committed 10240K, reserved 1048576K
}
Event: 235.531 GC heap before
{Heap before GC invocations=20 (full 3):
 PSYoungGen      total 616448K, used 577086K [0x00000000d6f80000, 0x0000000100000000, 0x0000000100000000)
  eden space 586752K, 93% used [0x00000000d6f80000,0x00000000f8617b10,0x00000000fac80000)
  from space 29696K, 99% used [0x00000000fd000000,0x00000000fecf8040,0x00000000fed00000)
  to   space 36352K, 0% used [0x00000000fac80000,0x00000000fac80000,0x00000000fd000000)
 ParOldGen       total 126464K, used 70003K [0x0000000084e00000, 0x000000008c980000, 0x00000000d6f80000)
  object space 126464K, 55% used [0x0000000084e00000,0x000000008925ce80,0x000000008c980000)
 Metaspace       used 87855K, capacity 89012K, committed 89088K, reserved 1128448K
  class space    used 10691K, capacity 10943K, committed 11008K, reserved 1048576K
Event: 235.629 GC heap after
Heap after GC invocations=20 (full 3):
 PSYoungGen      total 623104K, used 11238K [0x00000000d6f80000, 0x0000000100000000, 0x0000000100000000)
  eden space 586752K, 0% used [0x00000000d6f80000,0x00000000d6f80000,0x00000000fac80000)
  from space 36352K, 30% used [0x00000000fac80000,0x00000000fb779be0,0x00000000fd000000)
  to   space 34304K, 0% used [0x00000000fde80000,0x00000000fde80000,0x0000000100000000)
 ParOldGen       total 126464K, used 95799K [0x0000000084e00000, 0x000000008c980000, 0x00000000d6f80000)
  object space 126464K, 75% used [0x0000000084e00000,0x000000008ab8df40,0x000000008c980000)
 Metaspace       used 87855K, capacity 89012K, committed 89088K, reserved 1128448K
  class space    used 10691K, capacity 10943K, committed 11008K, reserved 1048576K
}
Event: 235.629 GC heap before
{Heap before GC invocations=21 (full 4):
 PSYoungGen      total 623104K, used 11238K [0x00000000d6f80000, 0x0000000100000000, 0x0000000100000000)
  eden space 586752K, 0% used [0x00000000d6f80000,0x00000000d6f80000,0x00000000fac80000)
  from space 36352K, 30% used [0x00000000fac80000,0x00000000fb779be0,0x00000000fd000000)
  to   space 34304K, 0% used [0x00000000fde80000,0x00000000fde80000,0x0000000100000000)
 ParOldGen       total 126464K, used 95799K [0x0000000084e00000, 0x000000008c980000, 0x00000000d6f80000)
  object space 126464K, 75% used [0x0000000084e00000,0x000000008ab8df40,0x000000008c980000)
 Metaspace       used 87855K, capacity 89012K, committed 89088K, reserved 1128448K
  class space    used 10691K, capacity 10943K, committed 11008K, reserved 1048576K
Event: 235.995 GC heap after
Heap after GC invocations=21 (full 4):
 PSYoungGen      total 623104K, used 0K [0x00000000d6f80000, 0x0000000100000000, 0x0000000100000000)
  eden space 586752K, 0% used [0x00000000d6f80000,0x00000000d6f80000,0x00000000fac80000)
  from space 36352K, 0% used [0x00000000fac80000,0x00000000fac80000,0x00000000fd000000)
  to   space 34304K, 0% used [0x00000000fde80000,0x00000000fde80000,0x0000000100000000)
 ParOldGen       total 126464K, used 82139K [0x0000000084e00000, 0x000000008c980000, 0x00000000d6f80000)
  object space 126464K, 64% used [0x0000000084e00000,0x0000000089e36f88,0x000000008c980000)
 Metaspace       used 87847K, capacity 89000K, committed 89088K, reserved 1128448K
  class space    used 10690K, capacity 10941K, committed 11008K, reserved 1048576K
}

